<?xml version="1.0" encoding="UTF-8"?>
<!-- Generated by org.testng.reporters.JUnitXMLReporter -->
<testsuite hostname="LAPTOP-KS2EA90G" ignored="0" name="Test" tests="3" failures="1" timestamp="01 May 2021 11:06:33 GMT" time="45.26" errors="0">
  <testcase name="test1" time="10.513" classname="com.project_name.testscripts.SignIn"/>
  <testcase name="test2" time="10.309" classname="com.project_name.testscripts.AddProduct"/>
  <testcase name="test1" time="0.009" classname="com.project_name.miscellaneous.TestProductName">
    <failure type="java.lang.NullPointerException">
      <![CDATA[java.lang.NullPointerException
at org.openqa.selenium.support.pagefactory.DefaultElementLocator.findElements(DefaultElementLocator.java:85)
at org.openqa.selenium.support.pagefactory.internal.LocatingElementListHandler.invoke(LocatingElementListHandler.java:36)
at com.sun.proxy.$Proxy10.iterator(Unknown Source)
at com.project_name.miscellaneous.TestProductName.test1(TestProductName.java:17)
... Removed 25 stack frames]]>
    </failure>
  </testcase> <!-- test1 -->
</testsuite> <!-- Test -->
